2009-05-06 22:02:17 Notice: Notice (1024): Please change the value of 'Security.salt' in app/config/core.php to a salt value specific to your application in [CORE/cake/libs/debugger.php, line 556]
2009-05-06 22:38:01 Notice: Notice (1024): Please change the value of 'Security.salt' in app/config/core.php to a salt value specific to your application in [CORE/cake/libs/debugger.php, line 556]
2009-05-06 22:44:25 Notice: Notice (1024): Please change the value of 'Security.salt' in app/config/core.php to a salt value specific to your application in [CORE/cake/libs/debugger.php, line 556]
2009-07-27 00:44:00 Notice: Notice (8): Undefined variable: javascript in [APP/views/layouts/default.ctp, line 7]
2009-07-27 00:45:22 Notice: Notice (8): Undefined variable: javascript in [APP/views/layouts/default.ctp, line 7]
2009-07-27 00:45:35 Notice: Notice (8): Undefined variable: javascript in [APP/views/layouts/default.ctp, line 7]
2009-07-27 00:48:03 Notice: Notice (8): Undefined variable: javascript in [APP/views/layouts/default.ctp, line 7]
2009-07-27 00:50:13 Notice: Notice (8): Undefined variable: javascript in [APP/views/layouts/default.ctp, line 7]
2009-07-27 00:54:04 Notice: Notice (8): Undefined variable: javascript in [APP/views/layouts/default.ctp, line 7]
2009-07-27 00:58:07 Notice: Notice (8): Undefined variable: javascript in [APP/views/layouts/default.ctp, line 7]
2009-07-27 01:00:26 Notice: Notice (8): Undefined variable: javascript in [APP/views/layouts/default.ctp, line 7]
2009-07-27 01:01:00 Notice: Notice (8): Undefined variable: javascript in [APP/views/layouts/default.ctp, line 7]
2009-07-27 01:02:22 Notice: Notice (8): Undefined variable: javascript in [APP/views/layouts/default.ctp, line 9]
2009-07-27 01:03:51 Notice: Notice (8): Undefined variable: javascript in [APP/views/layouts/default.ctp, line 9]
2009-07-27 01:05:48 Notice: Notice (8): Undefined variable: javascript in [APP/views/layouts/default.ctp, line 9]
2009-07-27 01:39:08 Notice: Notice (8): Undefined variable: javascript in [APP/views/pages/blue.ctp, line 15]
2009-08-08 00:42:20 Notice: Notice (8): Undefined property: View::$Session in [APP/views/users/index.ctp, line 3]
2009-08-09 17:32:22 Notice: Notice (8): Uninitialized string offset: 0 in [CORE/cake/libs/model/model.php, line 1316]
2009-08-09 17:40:43 Notice: Notice (8): Uninitialized string offset: 0 in [CORE/cake/libs/model/model.php, line 1316]
2009-08-09 17:45:54 Notice: Notice (8): Uninitialized string offset: 0 in [CORE/cake/libs/model/model.php, line 1316]
2009-08-09 18:49:16 Notice: Notice (8): Uninitialized string offset: 0 in [CORE/cake/libs/model/model.php, line 1316]
2009-08-09 18:51:06 Notice: Notice (8): Uninitialized string offset: 0 in [CORE/cake/libs/model/model.php, line 1316]
2009-08-09 18:55:48 Notice: Notice (8): Uninitialized string offset: 0 in [CORE/cake/libs/model/model.php, line 1316]
2009-08-09 22:35:06 Notice: Notice (8): Uninitialized string offset: 0 in [CORE/cake/libs/model/model.php, line 1316]
2009-08-09 22:45:58 Notice: Notice (8): Uninitialized string offset: 0 in [CORE/cake/libs/model/model.php, line 1316]
2009-08-09 22:48:00 Notice: Notice (8): Uninitialized string offset: 0 in [CORE/cake/libs/model/model.php, line 1316]
2009-08-09 22:49:47 Notice: Notice (8): Uninitialized string offset: 0 in [CORE/cake/libs/model/model.php, line 1316]
2009-08-09 22:53:52 Notice: Notice (8): Uninitialized string offset: 0 in [CORE/cake/libs/model/model.php, line 1316]
2009-08-09 22:57:33 Notice: Notice (8): Uninitialized string offset: 0 in [CORE/cake/libs/model/model.php, line 1316]
2009-08-09 22:59:49 Notice: Notice (8): Uninitialized string offset: 0 in [CORE/cake/libs/model/model.php, line 1316]
2009-08-09 23:12:10 Notice: Notice (8): Undefined index:  Group in [APP/views/users/index.ctp, line 36]
2009-08-09 23:17:44 Notice: Notice (8): Undefined index:  Group in [APP/views/users/index.ctp, line 36]
2009-08-09 23:21:16 Notice: Notice (8): Undefined index:  Group in [APP/views/users/index.ctp, line 36]
2009-08-09 23:21:29 Notice: Notice (8): Undefined index:  Group in [APP/views/users/index.ctp, line 36]
2009-08-09 23:21:49 Notice: Notice (8): Undefined property: User::$Profile in [APP/controllers/users_controller.php, line 66]
2009-08-09 23:24:35 Notice: Notice (8): Undefined index:  Group in [APP/views/users/index.ctp, line 36]
2009-08-09 23:26:04 Notice: Notice (8): Uninitialized string offset: 0 in [CORE/cake/libs/model/model.php, line 1316]
2009-08-09 23:26:08 Notice: Notice (8): Undefined index:  Group in [APP/views/users/index.ctp, line 36]
2009-08-10 13:15:35 Notice: Notice (8): Use of undefined constant first_name - assumed 'first_name' in [APP/controllers/midyearregs_controller.php, line 31]
2009-08-10 13:15:35 Notice: Notice (8): Undefined index:  first_name in [APP/controllers/midyearregs_controller.php, line 31]
2009-08-10 13:16:53 Notice: Notice (8): Use of undefined constant first_name - assumed 'first_name' in [APP/controllers/midyearregs_controller.php, line 31]
2009-08-10 13:16:53 Notice: Notice (8): Undefined index:  first_name in [APP/controllers/midyearregs_controller.php, line 31]
2009-08-10 13:33:34 Notice: Notice (8): Use of undefined constant first_name - assumed 'first_name' in [APP/controllers/midyearregs_controller.php, line 31]
2009-08-10 13:33:34 Notice: Notice (8): Undefined index:  first_name in [APP/controllers/midyearregs_controller.php, line 31]
2009-08-10 16:16:48 Notice: Notice (8): Use of undefined constant first_name - assumed 'first_name' in [APP/controllers/midyearregs_controller.php, line 31]
2009-08-10 16:16:48 Notice: Notice (8): Undefined index:  first_name in [APP/controllers/midyearregs_controller.php, line 31]
2009-08-10 16:59:42 Notice: Notice (8): Use of undefined constant first_name - assumed 'first_name' in [APP/controllers/midyearregs_controller.php, line 31]
2009-08-10 16:59:42 Notice: Notice (8): Undefined index:  first_name in [APP/controllers/midyearregs_controller.php, line 31]
2009-08-10 17:44:42 Notice: Notice (8): Use of undefined constant first_name - assumed 'first_name' in [APP/controllers/midyearregs_controller.php, line 31]
2009-08-10 17:44:42 Notice: Notice (8): Undefined index:  first_name in [APP/controllers/midyearregs_controller.php, line 31]
2009-08-10 17:46:15 Notice: Notice (8): Use of undefined constant first_name - assumed 'first_name' in [APP/controllers/midyearregs_controller.php, line 31]
2009-08-10 17:46:15 Notice: Notice (8): Undefined index:  first_name in [APP/controllers/midyearregs_controller.php, line 31]
2009-08-10 23:32:58 Notice: Notice (8): Undefined index:  Group in [APP/views/users/index.ctp, line 36]
2009-08-11 00:00:17 Notice: Notice (8): Use of undefined constant first_name - assumed 'first_name' in [APP/controllers/midyearregs_controller.php, line 31]
2009-08-11 00:00:17 Notice: Notice (8): Undefined index:  first_name in [APP/controllers/midyearregs_controller.php, line 31]
