2009-08-08 02:36:28 Warning: Warning (512): DbAcl::check() - Failed ARO/ACO node lookup in permissions check.  Node references:
Aro: Array
(
    [User] => Array
        (
            [id] => 4a7d18f0-5ec8-4b49-8719-2faf4ad081c2
            [username] => deano@lovettcreations.org
            [group_id] => 2
            [profile_id] => 
        )

)

Aco: Pages/display in [CORE/cake/libs/controller/components/acl.php, line 239]
2009-08-08 02:36:28 Warning: Warning (2): Cannot modify header information - headers already sent by (output started at /homepages/15/d250522611/htdocs/admin2/cake/basics.php:111) in [CORE/cake/libs/controller/controller.php, line 640]
2009-08-08 02:36:51 Warning: Warning (512): DbAcl::check() - Failed ARO/ACO node lookup in permissions check.  Node references:
Aro: Array
(
    [User] => Array
        (
            [id] => 4a7d18d6-4f9c-42b5-9429-2c9f4ad081c2
            [username] => eddie@lovettcreations.org
            [group_id] => 1
            [profile_id] => 
        )

)

Aco: Pages/display in [CORE/cake/libs/controller/components/acl.php, line 239]
2009-08-08 02:36:51 Warning: Warning (2): Cannot modify header information - headers already sent by (output started at /homepages/15/d250522611/htdocs/admin2/cake/basics.php:111) in [CORE/cake/libs/controller/controller.php, line 640]
2009-08-08 02:37:44 Warning: Warning (512): DbAcl::check() - Failed ARO/ACO node lookup in permissions check.  Node references:
Aro: Array
(
    [User] => Array
        (
            [id] => 4a7d18d6-4f9c-42b5-9429-2c9f4ad081c2
            [username] => eddie@lovettcreations.org
            [group_id] => 1
            [profile_id] => 
        )

)

Aco: Pages/display in [CORE/cake/libs/controller/components/acl.php, line 239]
2009-08-08 02:37:44 Warning: Warning (2): Cannot modify header information - headers already sent by (output started at /homepages/15/d250522611/htdocs/admin2/cake/basics.php:111) in [CORE/cake/libs/controller/controller.php, line 640]
2009-08-08 02:42:23 Warning: Warning (512): DbAcl::check() - Failed ARO/ACO node lookup in permissions check.  Node references:
Aro: Array
(
    [User] => Array
        (
            [id] => 4a7d18d6-4f9c-42b5-9429-2c9f4ad081c2
            [username] => eddie@lovettcreations.org
            [group_id] => 1
            [profile_id] => 
        )

)

Aco: Pages/display in [CORE/cake/libs/controller/components/acl.php, line 239]
2009-08-08 02:42:23 Warning: Warning (2): Cannot modify header information - headers already sent by (output started at /homepages/15/d250522611/htdocs/admin2/cake/basics.php:111) in [CORE/cake/libs/controller/controller.php, line 640]
2009-08-08 02:46:11 Warning: Warning (512): DbAcl::check() - Failed ARO/ACO node lookup in permissions check.  Node references:
Aro: Array
(
    [User] => Array
        (
            [id] => 4a7d18d6-4f9c-42b5-9429-2c9f4ad081c2
            [username] => eddie@lovettcreations.org
            [group_id] => 1
            [profile_id] => 
        )

)

Aco: Pages/display in [CORE/cake/libs/controller/components/acl.php, line 239]
2009-08-08 02:46:11 Warning: Warning (2): Cannot modify header information - headers already sent by (output started at /homepages/15/d250522611/htdocs/admin2/cake/basics.php:111) in [CORE/cake/libs/controller/controller.php, line 640]
2009-08-08 02:47:12 Warning: Warning (512): DbAcl::check() - Failed ARO/ACO node lookup in permissions check.  Node references:
Aro: Array
(
    [User] => Array
        (
            [id] => 4a7d18d6-4f9c-42b5-9429-2c9f4ad081c2
            [username] => eddie@lovettcreations.org
            [group_id] => 1
            [profile_id] => 
        )

)

Aco: Pages/display in [CORE/cake/libs/controller/components/acl.php, line 239]
2009-08-08 02:47:12 Warning: Warning (2): Cannot modify header information - headers already sent by (output started at /homepages/15/d250522611/htdocs/admin2/cake/basics.php:111) in [CORE/cake/libs/controller/controller.php, line 640]
2009-08-08 02:47:43 Warning: Warning (512): DbAcl::check() - Failed ARO/ACO node lookup in permissions check.  Node references:
Aro: Array
(
    [User] => Array
        (
            [id] => 4a7d18d6-4f9c-42b5-9429-2c9f4ad081c2
            [username] => eddie@lovettcreations.org
            [group_id] => 1
            [profile_id] => 
        )

)

Aco: Pages/display in [CORE/cake/libs/controller/components/acl.php, line 239]
2009-08-08 02:47:43 Warning: Warning (2): Cannot modify header information - headers already sent by (output started at /homepages/15/d250522611/htdocs/admin2/cake/basics.php:111) in [CORE/cake/libs/controller/controller.php, line 640]
2009-08-09 17:32:22 Warning: Warning (2): Cannot modify header information - headers already sent by (output started at /homepages/15/d250522611/htdocs/admin2/cake/basics.php:111) in [CORE/cake/libs/controller/controller.php, line 640]
2009-08-09 17:40:43 Warning: Warning (2): Cannot modify header information - headers already sent by (output started at /homepages/15/d250522611/htdocs/admin2/cake/basics.php:111) in [CORE/cake/libs/controller/controller.php, line 640]
2009-08-09 17:45:54 Warning: Warning (2): Cannot modify header information - headers already sent by (output started at /homepages/15/d250522611/htdocs/admin2/cake/basics.php:111) in [CORE/cake/libs/controller/controller.php, line 640]
2009-08-09 18:51:06 Warning: Warning (2): Cannot modify header information - headers already sent by (output started at /homepages/15/d250522611/htdocs/admin2/cake/basics.php:111) in [CORE/cake/libs/controller/controller.php, line 640]
2009-08-09 18:55:48 Warning: Warning (2): Cannot modify header information - headers already sent by (output started at /homepages/15/d250522611/htdocs/admin2/cake/basics.php:111) in [CORE/cake/libs/controller/controller.php, line 640]
2009-08-09 22:45:58 Warning: Warning (2): Cannot modify header information - headers already sent by (output started at /homepages/15/d250522611/htdocs/admin2/cake/basics.php:111) in [CORE/cake/libs/controller/controller.php, line 640]
2009-08-09 22:48:00 Warning: Warning (2): Cannot modify header information - headers already sent by (output started at /homepages/15/d250522611/htdocs/admin2/cake/basics.php:111) in [CORE/cake/libs/controller/controller.php, line 640]
2009-08-09 22:49:47 Warning: Warning (2): Cannot modify header information - headers already sent by (output started at /homepages/15/d250522611/htdocs/admin2/cake/basics.php:111) in [CORE/cake/libs/controller/controller.php, line 640]
2009-08-09 22:53:52 Warning: Warning (2): Cannot modify header information - headers already sent by (output started at /homepages/15/d250522611/htdocs/admin2/cake/basics.php:111) in [CORE/cake/libs/controller/controller.php, line 640]
2009-08-09 22:57:33 Warning: Warning (2): Cannot modify header information - headers already sent by (output started at /homepages/15/d250522611/htdocs/admin2/cake/basics.php:111) in [CORE/cake/libs/controller/controller.php, line 640]
2009-08-09 22:59:49 Warning: Warning (2): Cannot modify header information - headers already sent by (output started at /homepages/15/d250522611/htdocs/admin2/cake/basics.php:111) in [CORE/cake/libs/controller/controller.php, line 640]
2009-08-09 23:26:04 Warning: Warning (2): Cannot modify header information - headers already sent by (output started at /homepages/15/d250522611/htdocs/admin2/cake/basics.php:111) in [CORE/cake/libs/controller/controller.php, line 640]
2009-08-10 13:15:35 Warning: Warning (2): Cannot modify header information - headers already sent by (output started at /homepages/15/d250522611/htdocs/admin2/cake/basics.php:111) in [CORE/cake/libs/controller/controller.php, line 640]
2009-08-10 13:16:53 Warning: Warning (2): Cannot modify header information - headers already sent by (output started at /homepages/15/d250522611/htdocs/admin2/cake/basics.php:111) in [CORE/cake/libs/controller/controller.php, line 640]
2009-08-10 13:33:34 Warning: Warning (2): Cannot modify header information - headers already sent by (output started at /homepages/15/d250522611/htdocs/admin2/cake/basics.php:111) in [CORE/cake/libs/controller/controller.php, line 640]
2009-08-10 16:16:48 Warning: Warning (2): Cannot modify header information - headers already sent by (output started at /homepages/15/d250522611/htdocs/admin2/cake/basics.php:111) in [CORE/cake/libs/controller/controller.php, line 640]
2009-08-10 16:59:42 Warning: Warning (2): Cannot modify header information - headers already sent by (output started at /homepages/15/d250522611/htdocs/admin2/cake/basics.php:111) in [CORE/cake/libs/controller/controller.php, line 640]
2009-08-10 17:44:43 Warning: Warning (2): Cannot modify header information - headers already sent by (output started at /homepages/15/d250522611/htdocs/admin2/cake/basics.php:111) in [CORE/cake/libs/controller/controller.php, line 640]
2009-08-10 17:46:15 Warning: Warning (2): Cannot modify header information - headers already sent by (output started at /homepages/15/d250522611/htdocs/admin2/cake/basics.php:111) in [CORE/cake/libs/controller/controller.php, line 640]
2009-08-11 00:00:17 Warning: Warning (2): Cannot modify header information - headers already sent by (output started at /homepages/15/d250522611/htdocs/admin2/cake/basics.php:111) in [CORE/cake/libs/controller/controller.php, line 640]
2009-08-23 01:38:37 Warning: Warning (2): mysql_connect() [<a href='http://php.net/function.mysql-connect'>function.mysql-connect</a>]: Can't connect to local MySQL server through socket '/tmp/mysqld.sock' (2) in [CORE/cake/libs/model/datasources/dbo/dbo_mysql.php, line 374]
2009-08-23 01:38:37 Warning: Warning (2): mysql_select_db(): supplied argument is not a valid MySQL-Link resource in [CORE/cake/libs/model/datasources/dbo/dbo_mysql.php, line 379]
2009-08-23 01:38:37 Warning: Warning (2): mysql_get_server_info(): supplied argument is not a valid MySQL-Link resource in [CORE/cake/libs/model/datasources/dbo/dbo_mysql.php, line 387]
2009-08-23 01:38:37 Warning: Warning (2): mysql_query(): supplied argument is not a valid MySQL-Link resource in [CORE/cake/libs/model/datasources/dbo/dbo_mysql.php, line 411]
